<?xml version="1.0" encoding="UTF-8"?>
<!-- Generated by org.testng.reporters.JUnitReportReporter -->
<testsuite hostname="TestingWorld-PC" name="testing.TC_001" tests="2" failures="0" timestamp="1 Dec 2018 05:18:52 GMT" time="0.046" errors="0">
  <testcase name="tc002" time="0.027" classname="testing.TC_001"/>
  <testcase name="tc001" time="0.019" classname="testing.TC_001"/>
</testsuite> <!-- testing.TC_001 -->
