<?xml version="1.0" encoding="UTF-8"?>
<!-- Generated by org.testng.reporters.JUnitReportReporter -->
<testsuite hostname="TestingWorld-PC" name="testing.A" tests="1" failures="0" timestamp="17 Nov 2018 08:43:56 GMT" time="0.031" errors="0">
  <testcase name="tcase1" time="0.031" classname="testing.A"/>
</testsuite> <!-- testing.A -->
