<?xml version="1.0" encoding="UTF-8"?>
<!-- Generated by org.testng.reporters.JUnitReportReporter -->
<testsuite hostname="TestingWorld-PC" name="testing.TC_002" tests="1" failures="0" timestamp="1 Dec 2018 05:18:52 GMT" time="0.006" errors="0">
  <testcase name="tc001" time="0.006" classname="testing.TC_002"/>
</testsuite> <!-- testing.TC_002 -->
